<?xml version="1.0" encoding="UTF-8"?>
<testng-results ignored="0" total="3" passed="3" failed="0" skipped="0">
  <reporter-output>
  </reporter-output>
  <suite started-at="2021-08-19T18:07:05 IST" name="Default suite" finished-at="2021-08-19T18:07:05 IST" duration-ms="50">
    <groups>
    </groups>
    <test started-at="2021-08-19T18:07:05 IST" name="Default test" finished-at="2021-08-19T18:07:05 IST" duration-ms="50">
      <class name="vtigerPractice.Demo">
        <test-method signature="add()[pri:0, instance:vtigerPractice.Demo@6b4a4e18]" started-at="2021-08-19T18:07:05 IST" name="add" finished-at="2021-08-19T18:07:05 IST" duration-ms="8" status="PASS">
          <reporter-output>
          </reporter-output>
        </test-method> <!-- add -->
        <test-method signature="all()[pri:0, instance:vtigerPractice.Demo@6b4a4e18]" started-at="2021-08-19T18:07:05 IST" name="all" finished-at="2021-08-19T18:07:05 IST" duration-ms="2" status="PASS">
          <reporter-output>
          </reporter-output>
        </test-method> <!-- all -->
        <test-method signature="sub()[pri:0, instance:vtigerPractice.Demo@6b4a4e18]" started-at="2021-08-19T18:07:05 IST" name="sub" finished-at="2021-08-19T18:07:05 IST" duration-ms="2" status="PASS">
          <reporter-output>
          </reporter-output>
        </test-method> <!-- sub -->
      </class> <!-- vtigerPractice.Demo -->
    </test> <!-- Default test -->
  </suite> <!-- Default suite -->
</testng-results>
